mode: set
testdoubles/internal/application/application_default.go:25.61,29.16 3 0
testdoubles/internal/application/application_default.go:29.16,31.3 1 0
testdoubles/internal/application/application_default.go:33.2,36.3 1 0
testdoubles/internal/application/application_default.go:40.53,42.2 1 0
testdoubles/internal/application/application_default.go:45.50,71.43 9 0
testdoubles/internal/application/application_default.go:71.43,78.3 3 0
testdoubles/internal/application/application_default.go:80.2,80.8 1 0
testdoubles/internal/application/application_default.go:84.48,87.2 2 0
testdoubles/cmd/main.go:8.13,19.36 3 0
testdoubles/cmd/main.go:19.36,22.3 2 0
testdoubles/cmd/main.go:24.2,24.34 1 0
testdoubles/cmd/main.go:24.34,27.3 2 0
testdoubles/internal/handler/hunter.go:15.56,17.2 1 1
testdoubles/internal/handler/hunter.go:46.72,52.16 4 1
testdoubles/internal/handler/hunter.go:52.16,55.3 2 1
testdoubles/internal/handler/hunter.go:58.2,61.75 2 1
testdoubles/internal/handler/hunter.go:71.53,72.54 1 1
testdoubles/internal/handler/hunter.go:72.55,78.3 0 1
testdoubles/internal/handler/hunter.go:82.42,83.54 1 1
testdoubles/internal/handler/hunter.go:83.54,86.17 2 1
testdoubles/internal/handler/hunter.go:86.17,87.45 1 1
testdoubles/internal/handler/hunter.go:87.45,90.5 2 1
testdoubles/internal/handler/hunter.go:91.4,92.10 2 1
testdoubles/internal/handler/hunter.go:95.3,105.5 3 0
testdoubles/internal/hunter/hunter_mock.go:9.34,11.62 1 0
testdoubles/internal/hunter/hunter_mock.go:11.62,11.70 1 0
testdoubles/internal/hunter/hunter_mock.go:12.70,12.71 0 0
testdoubles/internal/hunter/hunter_mock.go:27.72,33.2 3 0
testdoubles/internal/hunter/hunter_mock.go:35.79,40.2 2 0
testdoubles/internal/hunter/hunter_white_shark.go:12.13,14.2 1 1
testdoubles/internal/hunter/hunter_white_shark.go:17.70,34.2 4 0
testdoubles/internal/hunter/hunter_white_shark.go:44.56,51.2 2 1
testdoubles/internal/hunter/hunter_white_shark.go:64.73,79.9 4 1
testdoubles/internal/hunter/hunter_white_shark.go:79.9,82.3 2 1
testdoubles/internal/hunter/hunter_white_shark.go:84.2,84.8 1 1
testdoubles/internal/hunter/hunter_white_shark.go:88.78,91.2 2 1
testdoubles/internal/prey/prey_stub.go:6.37,8.40 1 0
testdoubles/internal/prey/prey_stub.go:8.40,8.48 1 0
testdoubles/internal/prey/prey_stub.go:9.59,9.67 1 0
testdoubles/internal/prey/prey_stub.go:10.70,10.71 0 0
testdoubles/internal/prey/prey_stub.go:12.2,12.8 1 0
testdoubles/internal/prey/prey_stub.go:26.47,29.2 2 0
testdoubles/internal/prey/prey_stub.go:32.66,35.2 2 0
testdoubles/internal/prey/prey_stub.go:38.76,40.2 1 0
testdoubles/internal/prey/prey_tuna.go:9.25,24.2 3 0
testdoubles/internal/prey/prey_tuna.go:32.65,37.2 1 1
testdoubles/internal/prey/prey_tuna.go:48.43,52.2 2 1
testdoubles/internal/prey/prey_tuna.go:55.62,58.2 2 1
testdoubles/internal/prey/prey_tuna.go:61.72,64.2 2 1
testdoubles/internal/simulator/simulator_default.go:12.93,18.2 2 1
testdoubles/internal/simulator/simulator_default.go:29.93,38.9 4 1
testdoubles/internal/simulator/simulator_default.go:38.9,40.3 1 1
testdoubles/internal/simulator/simulator_default.go:42.2,43.8 2 1
testdoubles/internal/simulator/simulator_mock.go:4.62,7.2 2 0
testdoubles/internal/simulator/simulator_mock.go:22.90,27.2 2 0
testdoubles/internal/positioner/positioner_default.go:6.61,9.2 2 1
testdoubles/internal/positioner/positioner_default.go:15.92,23.2 5 1
testdoubles/internal/positioner/positioner_stub.go:4.55,7.2 2 0
testdoubles/internal/positioner/positioner_stub.go:16.89,19.2 2 0
testdoubles/platform/web/request/json.go:19.49,21.56 1 1
testdoubles/platform/web/request/json.go:21.56,24.3 2 1
testdoubles/platform/web/request/json.go:27.2,28.16 2 1
testdoubles/platform/web/request/json.go:28.16,31.3 2 1
testdoubles/platform/web/request/json.go:33.2,33.8 1 1
testdoubles/platform/web/response/error.go:14.67,18.42 2 0
testdoubles/platform/web/response/error.go:18.42,20.3 1 0
testdoubles/platform/web/response/error.go:23.2,28.16 3 0
testdoubles/platform/web/response/error.go:28.16,31.3 2 0
testdoubles/platform/web/response/error.go:34.2,36.16 3 0
testdoubles/platform/web/response/error.go:39.88,42.2 2 0
testdoubles/platform/web/response/json.go:9.54,11.17 1 1
testdoubles/platform/web/response/json.go:11.17,14.3 2 1
testdoubles/platform/web/response/json.go:17.2,18.16 2 1
testdoubles/platform/web/response/json.go:18.16,22.3 2 1
testdoubles/platform/web/response/json.go:25.2,31.16 3 1
testdoubles/platform/web/response/text.go:6.57,15.2 3 1
